<?xml version="1.0" encoding="UTF-8"?>
<!-- Generated by org.testng.reporters.JUnitXMLReporter -->
<testsuite ignored="0" hostname="Rakesh" failures="1" tests="1" name="CreateAdmin" time="14.874" errors="0" timestamp="01 Sept 2025 16:49:25 GMT">
  <testcase classname="tests.CreateAdmin" name="createAdminRole" time="12.657">
    <failure type="java.lang.NullPointerException" message="Cannot invoke &amp;quot;org.openqa.selenium.WebElement.click()&amp;quot; because &amp;quot;element&amp;quot; is null">
      <![CDATA[java.lang.NullPointerException: Cannot invoke "org.openqa.selenium.WebElement.click()" because "element" is null
at utils.KeyboardActions.pressDownArrowAndEnter(KeyboardActions.java:8)
at tests.CreateAdmin.createAdminRole(CreateAdmin.java:28)
... Removed 23 stack frames]]>
    </failure>
  </testcase> <!-- createAdminRole -->
</testsuite> <!-- CreateAdmin -->
