<?xml version="1.0" encoding="UTF-8"?>
<testng-results ignored="0" total="1" passed="1" failed="0" skipped="0">
  <reporter-output>
  </reporter-output>
  <suite started-at="2025-09-07T14:55:42Z" name="Default suite" finished-at="2025-09-07T14:57:07Z" duration-ms="85445">
    <groups>
    </groups>
    <test started-at="2025-09-07T14:55:42Z" name="Default test" finished-at="2025-09-07T14:57:07Z" duration-ms="85445">
      <class name="tests.MyInfoUpdate">
        <test-method is-config="true" signature="setUp()[pri:0, instance:tests.MyInfoUpdate@194fad1]" started-at="2025-09-07T14:55:42Z" name="setUp" finished-at="2025-09-07T14:55:43Z" duration-ms="1608" status="PASS">
          <reporter-output>
          </reporter-output>
        </test-method> <!-- setUp -->
        <test-method signature="updateInfo()[pri:0, instance:tests.MyInfoUpdate@194fad1]" started-at="2025-09-07T14:55:43Z" name="updateInfo" finished-at="2025-09-07T14:57:07Z" duration-ms="83507" status="PASS">
          <reporter-output>
          </reporter-output>
        </test-method> <!-- updateInfo -->
        <test-method is-config="true" signature="tearDown()[pri:0, instance:tests.MyInfoUpdate@194fad1]" started-at="2025-09-07T14:57:07Z" name="tearDown" finished-at="2025-09-07T14:57:07Z" duration-ms="315" status="PASS">
          <reporter-output>
          </reporter-output>
        </test-method> <!-- tearDown -->
      </class> <!-- tests.MyInfoUpdate -->
    </test> <!-- Default test -->
  </suite> <!-- Default suite -->
</testng-results>
